Not searching for unused variables given on the command line.
[36m--[0m The C compiler identification is GNU 4.9.3
[36m--[0m The CXX compiler identification is GNU 4.9.3
[36m--[0m Check for working C compiler: /usr/bin/cc
[36m--[0m Check for working C compiler: /usr/bin/cc -- works
[36m--[0m Detecting C compiler ABI info
[36m--[0m Detecting C compiler ABI info - done
[36m--[0m Detecting C compile features
[36m--[0m Detecting C compile features - done
[36m--[0m Check for working CXX compiler: /usr/bin/c++
[36m--[0m Check for working CXX compiler: /usr/bin/c++ -- works
[36m--[0m Detecting CXX compiler ABI info
[36m--[0m Detecting CXX compiler ABI info - done
[36m--[0m Detecting CXX compile features
[36m--[0m Detecting CXX compile features - done
[36m--[0m Using CATKIN_DEVEL_PREFIX: /home/root/emulator_ws/devel/.private/image_transport
[36m--[0m Using CMAKE_PREFIX_PATH: /home/root/emulator_ws/devel;/opt/ros/indigo
[36m--[0m This workspace overlays: /home/root/emulator_ws/devel;/opt/ros/indigo
[36m--[0m Found PythonInterp: /usr/bin/python (found version "2.7.9")
[36m--[0m Using PYTHON_EXECUTABLE: /usr/bin/python
[36m--[0m Using default Python package layout
[36m--[0m Found PY_em: /usr/lib/python2.7/site-packages/em.pyc
[36m--[0m Using empy: /usr/lib/python2.7/site-packages/em.pyc
[36m--[0m Using CATKIN_ENABLE_TESTING: ON
[36m--[0m Call enable_testing()
[36m--[0m Using CATKIN_TEST_RESULTS_DIR: /home/root/emulator_ws/build/image_transport/test_results
[36m--[0m Found gtest: gtests will be built
[36m--[0m Using Python nosetests: /usr/bin/nosetests-2.7
[36m--[0m catkin 0.6.19
CMake Warning (dev) at /opt/ros/indigo/share/roscpp/cmake/roscppConfig.cmake:99 (if):
  Policy CMP0054 is not set: Only interpret if() arguments as variables or
  keywords when unquoted.  Run "cmake --help-policy CMP0054" for policy
  details.  Use the cmake_policy command to set the policy and suppress this
  warning.

  Quoted variables like "include" will no longer be dereferenced when the
  policy is set to NEW.  Since the policy is not set the OLD behavior will be
  used.
[36mCall Stack (most recent call first):[0m
  /opt/ros/indigo/share/message_filters/cmake/message_filtersConfig.cmake:169 (find_package)
  /opt/ros/indigo/share/catkin/cmake/catkinConfig.cmake:76 (find_package)
  CMakeLists.txt:4 (find_package)
This warning is for project developers.  Use -Wno-dev to suppress it.

[33m[1mCMake Warning[0m at /opt/ros/indigo/share/roscpp/cmake/roscppConfig.cmake:111 (message):
  Project 'roscpp' specifies 'NOTFOUND/usr/include' as an include dir, which
  is not found.  It does neither exist as an absolute directory nor in
  '/opt/ros/indigo/NOTFOUND/usr/include'.  Ask the maintainer 'Dirk Thomas
  <dthomas@@osrfoundation.org>' to fix it.
[36mCall Stack (most recent call first):[0m
  /opt/ros/indigo/share/message_filters/cmake/message_filtersConfig.cmake:169 (find_package)
  /opt/ros/indigo/share/catkin/cmake/catkinConfig.cmake:76 (find_package)
  CMakeLists.txt:4 (find_package)


CMake Warning (dev) at /opt/ros/indigo/share/cpp_common/cmake/cpp_commonConfig.cmake:99 (if):
  Policy CMP0054 is not set: Only interpret if() arguments as variables or
  keywords when unquoted.  Run "cmake --help-policy CMP0054" for policy
  details.  Use the cmake_policy command to set the policy and suppress this
  warning.

  Quoted variables like "include" will no longer be dereferenced when the
  policy is set to NEW.  Since the policy is not set the OLD behavior will be
  used.
[36mCall Stack (most recent call first):[0m
  /opt/ros/indigo/share/roscpp/cmake/roscppConfig.cmake:169 (find_package)
  /opt/ros/indigo/share/message_filters/cmake/message_filtersConfig.cmake:169 (find_package)
  /opt/ros/indigo/share/catkin/cmake/catkinConfig.cmake:76 (find_package)
  CMakeLists.txt:4 (find_package)
This warning is for project developers.  Use -Wno-dev to suppress it.

[33m[1mCMake Warning[0m at /opt/ros/indigo/share/cpp_common/cmake/cpp_commonConfig.cmake:111 (message):
  Project 'cpp_common' specifies 'NOTFOUND/usr/include' as an include dir,
  which is not found.  It does neither exist as an absolute directory nor in
  '/opt/ros/indigo/NOTFOUND/usr/include'.  Ask the maintainer 'Dirk Thomas
  <dthomas@@osrfoundation.org>' to fix it.
[36mCall Stack (most recent call first):[0m
  /opt/ros/indigo/share/roscpp/cmake/roscppConfig.cmake:169 (find_package)
  /opt/ros/indigo/share/message_filters/cmake/message_filtersConfig.cmake:169 (find_package)
  /opt/ros/indigo/share/catkin/cmake/catkinConfig.cmake:76 (find_package)
  CMakeLists.txt:4 (find_package)


CMake Warning (dev) at /opt/ros/indigo/share/roscpp_serialization/cmake/roscpp_serializationConfig.cmake:99 (if):
  Policy CMP0054 is not set: Only interpret if() arguments as variables or
  keywords when unquoted.  Run "cmake --help-policy CMP0054" for policy
  details.  Use the cmake_policy command to set the policy and suppress this
  warning.

  Quoted variables like "include" will no longer be dereferenced when the
  policy is set to NEW.  Since the policy is not set the OLD behavior will be
  used.
[36mCall Stack (most recent call first):[0m
  /opt/ros/indigo/share/message_runtime/cmake/message_runtimeConfig.cmake:169 (find_package)
  /opt/ros/indigo/share/roscpp/cmake/roscppConfig.cmake:169 (find_package)
  /opt/ros/indigo/share/message_filters/cmake/message_filtersConfig.cmake:169 (find_package)
  /opt/ros/indigo/share/catkin/cmake/catkinConfig.cmake:76 (find_package)
  CMakeLists.txt:4 (find_package)
This warning is for project developers.  Use -Wno-dev to suppress it.

CMake Warning (dev) at /opt/ros/indigo/share/roscpp_traits/cmake/roscpp_traitsConfig.cmake:99 (if):
  Policy CMP0054 is not set: Only interpret if() arguments as variables or
  keywords when unquoted.  Run "cmake --help-policy CMP0054" for policy
  details.  Use the cmake_policy command to set the policy and suppress this
  warning.

  Quoted variables like "include" will no longer be dereferenced when the
  policy is set to NEW.  Since the policy is not set the OLD behavior will be
  used.
[36mCall Stack (most recent call first):[0m
  /opt/ros/indigo/share/roscpp_serialization/cmake/roscpp_serializationConfig.cmake:169 (find_package)
  /opt/ros/indigo/share/message_runtime/cmake/message_runtimeConfig.cmake:169 (find_package)
  /opt/ros/indigo/share/roscpp/cmake/roscppConfig.cmake:169 (find_package)
  /opt/ros/indigo/share/message_filters/cmake/message_filtersConfig.cmake:169 (find_package)
  /opt/ros/indigo/share/catkin/cmake/catkinConfig.cmake:76 (find_package)
  CMakeLists.txt:4 (find_package)
This warning is for project developers.  Use -Wno-dev to suppress it.

CMake Warning (dev) at /opt/ros/indigo/share/rostime/cmake/rostimeConfig.cmake:99 (if):
  Policy CMP0054 is not set: Only interpret if() arguments as variables or
  keywords when unquoted.  Run "cmake --help-policy CMP0054" for policy
  details.  Use the cmake_policy command to set the policy and suppress this
  warning.

  Quoted variables like "include" will no longer be dereferenced when the
  policy is set to NEW.  Since the policy is not set the OLD behavior will be
  used.
[36mCall Stack (most recent call first):[0m
  /opt/ros/indigo/share/roscpp_traits/cmake/roscpp_traitsConfig.cmake:169 (find_package)
  /opt/ros/indigo/share/roscpp_serialization/cmake/roscpp_serializationConfig.cmake:169 (find_package)
  /opt/ros/indigo/share/message_runtime/cmake/message_runtimeConfig.cmake:169 (find_package)
  /opt/ros/indigo/share/roscpp/cmake/roscppConfig.cmake:169 (find_package)
  /opt/ros/indigo/share/message_filters/cmake/message_filtersConfig.cmake:169 (find_package)
  /opt/ros/indigo/share/catkin/cmake/catkinConfig.cmake:76 (find_package)
  CMakeLists.txt:4 (find_package)
This warning is for project developers.  Use -Wno-dev to suppress it.

[33m[1mCMake Warning[0m at /opt/ros/indigo/share/rostime/cmake/rostimeConfig.cmake:111 (message):
  Project 'rostime' specifies 'NOTFOUND/usr/include' as an include dir, which
  is not found.  It does neither exist as an absolute directory nor in
  '/opt/ros/indigo/NOTFOUND/usr/include'.  Ask the maintainer 'Dirk Thomas
  <dthomas@@osrfoundation.org>' to fix it.
[36mCall Stack (most recent call first):[0m
  /opt/ros/indigo/share/roscpp_traits/cmake/roscpp_traitsConfig.cmake:169 (find_package)
  /opt/ros/indigo/share/roscpp_serialization/cmake/roscpp_serializationConfig.cmake:169 (find_package)
  /opt/ros/indigo/share/message_runtime/cmake/message_runtimeConfig.cmake:169 (find_package)
  /opt/ros/indigo/share/roscpp/cmake/roscppConfig.cmake:169 (find_package)
  /opt/ros/indigo/share/message_filters/cmake/message_filtersConfig.cmake:169 (find_package)
  /opt/ros/indigo/share/catkin/cmake/catkinConfig.cmake:76 (find_package)
  CMakeLists.txt:4 (find_package)


CMake Warning (dev) at /opt/ros/indigo/share/rosconsole/cmake/rosconsoleConfig.cmake:99 (if):
  Policy CMP0054 is not set: Only interpret if() arguments as variables or
  keywords when unquoted.  Run "cmake --help-policy CMP0054" for policy
  details.  Use the cmake_policy command to set the policy and suppress this
  warning.

  Quoted variables like "include" will no longer be dereferenced when the
  policy is set to NEW.  Since the policy is not set the OLD behavior will be
  used.
[36mCall Stack (most recent call first):[0m
  /opt/ros/indigo/share/roscpp/cmake/roscppConfig.cmake:169 (find_package)
  /opt/ros/indigo/share/message_filters/cmake/message_filtersConfig.cmake:169 (find_package)
  /opt/ros/indigo/share/catkin/cmake/catkinConfig.cmake:76 (find_package)
  CMakeLists.txt:4 (find_package)
This warning is for project developers.  Use -Wno-dev to suppress it.

[33m[1mCMake Warning[0m at /opt/ros/indigo/share/rosconsole/cmake/rosconsoleConfig.cmake:111 (message):
  Project 'rosconsole' specifies
  'NOTFOUND/home/ekatzfey/build/sfpro/apq8096-le-1-0-1_ap_standard_oem.git/apps_proc/poky/build/tmp-glibc/sysroots/lib32-apq8096/usr/include'
  as an include dir, which is not found.  It does neither exist as an
  absolute directory nor in
  '/opt/ros/indigo/NOTFOUND/home/ekatzfey/build/sfpro/apq8096-le-1-0-1_ap_standard_oem.git/apps_proc/poky/build/tmp-glibc/sysroots/lib32-apq8096/usr/include'.
  Ask the maintainer 'Dirk Thomas <dthomas@@osrfoundation.org>' to fix it.
[36mCall Stack (most recent call first):[0m
  /opt/ros/indigo/share/roscpp/cmake/roscppConfig.cmake:169 (find_package)
  /opt/ros/indigo/share/message_filters/cmake/message_filtersConfig.cmake:169 (find_package)
  /opt/ros/indigo/share/catkin/cmake/catkinConfig.cmake:76 (find_package)
  CMakeLists.txt:4 (find_package)


CMake Warning (dev) at /opt/ros/indigo/share/rosgraph_msgs/cmake/rosgraph_msgsConfig.cmake:99 (if):
  Policy CMP0054 is not set: Only interpret if() arguments as variables or
  keywords when unquoted.  Run "cmake --help-policy CMP0054" for policy
  details.  Use the cmake_policy command to set the policy and suppress this
  warning.

  Quoted variables like "include" will no longer be dereferenced when the
  policy is set to NEW.  Since the policy is not set the OLD behavior will be
  used.
[36mCall Stack (most recent call first):[0m
  /opt/ros/indigo/share/roscpp/cmake/roscppConfig.cmake:169 (find_package)
  /opt/ros/indigo/share/message_filters/cmake/message_filtersConfig.cmake:169 (find_package)
  /opt/ros/indigo/share/catkin/cmake/catkinConfig.cmake:76 (find_package)
  CMakeLists.txt:4 (find_package)
This warning is for project developers.  Use -Wno-dev to suppress it.

CMake Warning (dev) at /opt/ros/indigo/share/std_msgs/cmake/std_msgsConfig.cmake:99 (if):
  Policy CMP0054 is not set: Only interpret if() arguments as variables or
  keywords when unquoted.  Run "cmake --help-policy CMP0054" for policy
  details.  Use the cmake_policy command to set the policy and suppress this
  warning.

  Quoted variables like "include" will no longer be dereferenced when the
  policy is set to NEW.  Since the policy is not set the OLD behavior will be
  used.
[36mCall Stack (most recent call first):[0m
  /opt/ros/indigo/share/rosgraph_msgs/cmake/rosgraph_msgsConfig.cmake:169 (find_package)
  /opt/ros/indigo/share/roscpp/cmake/roscppConfig.cmake:169 (find_package)
  /opt/ros/indigo/share/message_filters/cmake/message_filtersConfig.cmake:169 (find_package)
  /opt/ros/indigo/share/catkin/cmake/catkinConfig.cmake:76 (find_package)
  CMakeLists.txt:4 (find_package)
This warning is for project developers.  Use -Wno-dev to suppress it.

CMake Warning (dev) at /opt/ros/indigo/share/xmlrpcpp/cmake/xmlrpcppConfig.cmake:99 (if):
  Policy CMP0054 is not set: Only interpret if() arguments as variables or
  keywords when unquoted.  Run "cmake --help-policy CMP0054" for policy
  details.  Use the cmake_policy command to set the policy and suppress this
  warning.

  Quoted variables like "include" will no longer be dereferenced when the
  policy is set to NEW.  Since the policy is not set the OLD behavior will be
  used.
[36mCall Stack (most recent call first):[0m
  /opt/ros/indigo/share/roscpp/cmake/roscppConfig.cmake:169 (find_package)
  /opt/ros/indigo/share/message_filters/cmake/message_filtersConfig.cmake:169 (find_package)
  /opt/ros/indigo/share/catkin/cmake/catkinConfig.cmake:76 (find_package)
  CMakeLists.txt:4 (find_package)
This warning is for project developers.  Use -Wno-dev to suppress it.

CMake Warning (dev) at /opt/ros/indigo/share/pluginlib/cmake/pluginlibConfig.cmake:99 (if):
  Policy CMP0054 is not set: Only interpret if() arguments as variables or
  keywords when unquoted.  Run "cmake --help-policy CMP0054" for policy
  details.  Use the cmake_policy command to set the policy and suppress this
  warning.

  Quoted variables like "include" will no longer be dereferenced when the
  policy is set to NEW.  Since the policy is not set the OLD behavior will be
  used.
[36mCall Stack (most recent call first):[0m
  /opt/ros/indigo/share/catkin/cmake/catkinConfig.cmake:76 (find_package)
  CMakeLists.txt:4 (find_package)
This warning is for project developers.  Use -Wno-dev to suppress it.

[33m[1mCMake Warning[0m at /opt/ros/indigo/share/pluginlib/cmake/pluginlibConfig.cmake:111 (message):
  Project 'pluginlib' specifies 'NOTFOUND/usr/include' as an include dir,
  which is not found.  It does neither exist as an absolute directory nor in
  '/opt/ros/indigo/NOTFOUND/usr/include'.  Ask the maintainer 'Mikael
  Arguedas <mikael@@osrfoundation.org>' to fix it.
[36mCall Stack (most recent call first):[0m
  /opt/ros/indigo/share/catkin/cmake/catkinConfig.cmake:76 (find_package)
  CMakeLists.txt:4 (find_package)


CMake Warning (dev) at /opt/ros/indigo/share/class_loader/cmake/class_loaderConfig.cmake:99 (if):
  Policy CMP0054 is not set: Only interpret if() arguments as variables or
  keywords when unquoted.  Run "cmake --help-policy CMP0054" for policy
  details.  Use the cmake_policy command to set the policy and suppress this
  warning.

  Quoted variables like "include" will no longer be dereferenced when the
  policy is set to NEW.  Since the policy is not set the OLD behavior will be
  used.
[36mCall Stack (most recent call first):[0m
  /opt/ros/indigo/share/pluginlib/cmake/pluginlibConfig.cmake:169 (find_package)
  /opt/ros/indigo/share/catkin/cmake/catkinConfig.cmake:76 (find_package)
  CMakeLists.txt:4 (find_package)
This warning is for project developers.  Use -Wno-dev to suppress it.

[33m[1mCMake Warning[0m at /opt/ros/indigo/share/class_loader/cmake/class_loaderConfig.cmake:111 (message):
  Project 'class_loader' specifies 'NOTFOUND/usr/include' as an include dir,
  which is not found.  It does neither exist as an absolute directory nor in
  '/opt/ros/indigo/NOTFOUND/usr/include'.  Ask the maintainer 'Mikael
  Arguedas <mikael@@osrfoundation.org>' to fix it.
[36mCall Stack (most recent call first):[0m
  /opt/ros/indigo/share/pluginlib/cmake/pluginlibConfig.cmake:169 (find_package)
  /opt/ros/indigo/share/catkin/cmake/catkinConfig.cmake:76 (find_package)
  CMakeLists.txt:4 (find_package)


CMake Warning (dev) at /opt/ros/indigo/share/roslib/cmake/roslibConfig.cmake:99 (if):
  Policy CMP0054 is not set: Only interpret if() arguments as variables or
  keywords when unquoted.  Run "cmake --help-policy CMP0054" for policy
  details.  Use the cmake_policy command to set the policy and suppress this
  warning.

  Quoted variables like "include" will no longer be dereferenced when the
  policy is set to NEW.  Since the policy is not set the OLD behavior will be
  used.
[36mCall Stack (most recent call first):[0m
  /opt/ros/indigo/share/pluginlib/cmake/pluginlibConfig.cmake:169 (find_package)
  /opt/ros/indigo/share/catkin/cmake/catkinConfig.cmake:76 (find_package)
  CMakeLists.txt:4 (find_package)
This warning is for project developers.  Use -Wno-dev to suppress it.

CMake Warning (dev) at /opt/ros/indigo/share/rospack/cmake/rospackConfig.cmake:99 (if):
  Policy CMP0054 is not set: Only interpret if() arguments as variables or
  keywords when unquoted.  Run "cmake --help-policy CMP0054" for policy
  details.  Use the cmake_policy command to set the policy and suppress this
  warning.

  Quoted variables like "include" will no longer be dereferenced when the
  policy is set to NEW.  Since the policy is not set the OLD behavior will be
  used.
[36mCall Stack (most recent call first):[0m
  /opt/ros/indigo/share/roslib/cmake/roslibConfig.cmake:169 (find_package)
  /opt/ros/indigo/share/pluginlib/cmake/pluginlibConfig.cmake:169 (find_package)
  /opt/ros/indigo/share/catkin/cmake/catkinConfig.cmake:76 (find_package)
  CMakeLists.txt:4 (find_package)
This warning is for project developers.  Use -Wno-dev to suppress it.

[33m[1mCMake Warning[0m at /opt/ros/indigo/share/rospack/cmake/rospackConfig.cmake:111 (message):
  Project 'rospack' specifies 'NOTFOUND/usr/include' as an include dir, which
  is not found.  It does neither exist as an absolute directory nor in
  '/opt/ros/indigo/NOTFOUND/usr/include'.  Ask the maintainer 'Dirk Thomas
  <dthomas@@osrfoundation.org>' to fix it.
[36mCall Stack (most recent call first):[0m
  /opt/ros/indigo/share/roslib/cmake/roslibConfig.cmake:169 (find_package)
  /opt/ros/indigo/share/pluginlib/cmake/pluginlibConfig.cmake:169 (find_package)
  /opt/ros/indigo/share/catkin/cmake/catkinConfig.cmake:76 (find_package)
  CMakeLists.txt:4 (find_package)


CMake Warning (dev) at /opt/ros/indigo/share/sensor_msgs/cmake/sensor_msgsConfig.cmake:99 (if):
  Policy CMP0054 is not set: Only interpret if() arguments as variables or
  keywords when unquoted.  Run "cmake --help-policy CMP0054" for policy
  details.  Use the cmake_policy command to set the policy and suppress this
  warning.

  Quoted variables like "include" will no longer be dereferenced when the
  policy is set to NEW.  Since the policy is not set the OLD behavior will be
  used.
[36mCall Stack (most recent call first):[0m
  /opt/ros/indigo/share/catkin/cmake/catkinConfig.cmake:76 (find_package)
  CMakeLists.txt:4 (find_package)
This warning is for project developers.  Use -Wno-dev to suppress it.

CMake Warning (dev) at /opt/ros/indigo/share/geometry_msgs/cmake/geometry_msgsConfig.cmake:99 (if):
  Policy CMP0054 is not set: Only interpret if() arguments as variables or
  keywords when unquoted.  Run "cmake --help-policy CMP0054" for policy
  details.  Use the cmake_policy command to set the policy and suppress this
  warning.

  Quoted variables like "include" will no longer be dereferenced when the
  policy is set to NEW.  Since the policy is not set the OLD behavior will be
  used.
[36mCall Stack (most recent call first):[0m
  /opt/ros/indigo/share/sensor_msgs/cmake/sensor_msgsConfig.cmake:169 (find_package)
  /opt/ros/indigo/share/catkin/cmake/catkinConfig.cmake:76 (find_package)
  CMakeLists.txt:4 (find_package)
This warning is for project developers.  Use -Wno-dev to suppress it.

[36m--[0m Boost version: 1.59.0
[36m--[0m Configuring done
[36m--[0m Generating done
[36m--[0m Build files have been written to: /home/root/emulator_ws/build/image_transport
